<?xml version="1.0" encoding="UTF-8"?>
<!-- Generated by org.testng.reporters.JUnitReportReporter -->
<testsuite hostname="INSPIRON-3567" failures="0" tests="1" name="ai.ds.testbase.Testbase" time="57.202" errors="0" timestamp="2022-12-06T23:04:41 IST" skipped="0">
  <testcase classname="ai.ds.testbase.Testbase" name="setup" time="57.202"/>
  <system-out/>
</testsuite> <!-- ai.ds.testbase.Testbase -->
