<?xml version="1.0" encoding="UTF-8"?>
<!-- Generated by org.testng.reporters.JUnitReportReporter -->
<testsuite hostname="INSPIRON-3567" failures="0" tests="1" name="ai.ds.testlayer.BuyShare" time="20.197" errors="0" timestamp="2022-12-07T14:04:04 IST" skipped="0">
  <testcase classname="ai.ds.testlayer.BuyShare" name="buyFunctionality" time="20.197"/>
  <system-out/>
</testsuite> <!-- ai.ds.testlayer.BuyShare -->
