<?xml version="1.0" encoding="UTF-8"?>
<!-- Generated by org.testng.reporters.JUnitReportReporter -->
<testsuite hostname="INSPIRON-3567" failures="0" tests="1" name="ai.ds.testlayer.LoginPage_Test" time="15.004" errors="0" timestamp="2022-12-06T23:14:58 IST" skipped="0">
  <testcase classname="ai.ds.testlayer.LoginPage_Test" name="test" time="15.004"/>
  <system-out/>
</testsuite> <!-- ai.ds.testlayer.LoginPage_Test -->
